[    0.000 Initializing cgroup subsys ust
[    0.000000] Iniaizing cgroup ssycpu
[    0.0000] itializing cgrousuys cact   0.000000] Lin vsion 4.4.0-131-ger (buildd@lgw01-amd64-015) (gccerion 5.4.0 20160609 (Ubuntu 5.0ubuntu1~16.04.10) 57-Ubuntu SMP ThJu12 15:51:36 UTC 18Ubuntu 4.4.0-13157eneric 4.4.134)   0.000000] Comndine: BOOT_IMAGE=/boot/vmlinuz-4.4.0-131-generic root=LABEL=cloudimg-rootfs ro console=tty1 console=ttyS0
[    0.000000] KERNEL supported cpus:
[    0.000000]   Intel GenuineIntel
[    0.000000]   AMD AuthenticAMD
[    0.000000]   Centaur CentaurHauls
[    0.000000] x86/fpu: xstate_offset[2]:  576, xstate_sizes[2]:  256
[    0.000000] x86/fpu: Supporting XSAVE feature 0x01: 'x87 floating point registers'
[    0.000000] x86/fpu: Supporting XSAVE feature 0x02: 'SSE registers'
[    0.000000] x86/fpu: Supporting XSAVE feature 0x04: 'AVX registers'
[    0.000000] x86/fpu: Enabled xstate features 0x7, context size is 832 bytes, using 'standard' format.
[    0.000000] x86/fpu: Using 'eager' FPU context switches.
[    0.000000] e820: BIOS-provided physical RAM map:
[    0.000000] BIOS-e820: [mem 0x0000000000000000-0x000000000009fbff] usable
[    0.000000] BIOS-e820: [mem 0x000000000009fc00-0x000000000009ffff] reserved
[    0.000000] BIOS-e820: [mem 0x00000000000f0000-0x00000000000fffff] reserved
[    0.000000] BIOS-e820: [mem 0x0000000000100000-0x00000000dffeffff] usable
[    0.000000] BIOS-e820: [mem 0x00000000dfff0000-0x00000000dfffffff] ACPI data
[    0.000000] BIOS-e820: [mem 0x00000000fec00000-0x00000000fec00fff] reserved
[    0.000000] BIOS-e820: [mem 0x00000000fee00000-0x00000000fee00fff] reserved
[    0.000000] BIOS-e820: [mem 0x00000000fffc0000-0x00000000ffffffff] reserved
[    0.000000] BIOS-e820: [mem 0x0000000100000000-0x000000011fffffff] usable
[    0.000000] NX (Execute Disable) protection: active
[    0.000000] SMBIOS 2.5 present.
[    0.000000] Hypervisr detected: KVM
[    0.000000] e820: last_pfn = 0x120000 max_arch_pfn = 0x400000000
[    0.000000] MTRR: Disabled
[    0.000000] x86/PAT: MTRRs disabled, skipping PAT initialization too.
[    0.000000] CPU MTRRs all blank - virtualized system.
[    0.000000] x86/PAT: Configuration [0-7]: WB  WT  UC- UC  WB  WT  UC- UC  
[    0.000000] e820: last_pfn = 0xdfff0 max_arch_pfn = 0x400000000
[    0.000000] found SMP MP-table at [mem 0x009ff-00009ffmapped at [ffff88000009fff0]
[    0.0000]canning 1 areas for low memory corruption
[    0.000000] RAMDISK: [mem 0x3630c000-0x3717dfff]
[    0.000000] ACPI: Early table checksum verification disabled
[    0.000000] ACPI: RSDP 0x00000000000E0000 000024 (v02 VBOX  )
[    0.000000] ACPI: XSDT 0x00000000DFFF0030 00003C (v01 VBOX   VBOXXSDT 00000001 ASL  00000061)
[    0.000000] ACPI: FACP 0x00000000DFFF00F0 0000F4 (v04 VBOX   VBOXFACP 00000001 ASL  00000061)
[    0.000000] ACPI: DSDT 0x00000000DFFF0470 0021FF (v02 VBOX   VBOXBIOS 00000002 INTL 20160831)
[    0.000000] ACPI: FACS 0x00000000DFFF0200 000040
[    0.000000] ACPI: FACS 0x00000000DFFF0200 000040
[    0.000000] ACPI: API0x000000DFFF0240 00005C (v02 VBOX   VBOXAP 000001 ASL 0000061)
[    0.000000] ACP ST 0x00000000DFFF02A0 0001CC 01BOX   VBOXCPUT 0002 INTL 20160831)[   0.000000] No NUMA configuration found
[    0.000000] Faking aodat [m x00000000000-000000011fffffff]
[    0.0000]ODE_DATA(0) allote[mem 0x11fff7000x1ffbfff]
[    0.000000] kvm-clock: Using msrs 4b564d01 and 4b564d00
[    0.000000] kvm-clock: cpu 0, msr 1:1ffef001, primary cpu clock
[    0.000000] kvm-clock: using sched offset of 3626293665 cycles
[    0.000000] clocksource: kvm-clock: mask: 0xffffffffffffff m_cycles: 0x1cd42e4dffb, max_les: 881590591483 
   0.000000] Zonrages:
  0.00]   DMA      [me0x00000000001000-0x0000000000ffffff]
[    0.000000]   DMA32    [mem 0x0000000001000000-0x00000000ffffffff]
[    0.000000]   Normal   [mem 0x0000000100000000-0x000000011fffffff]
[    0.000000]   Device   empty
[    0.000000] Movable zone start for eachnoe
[    0.000000] Early memory node ranges
[    0.000000]   node   0: [mem 0x0000000000001000-0x000000000009efff]
[    0.000000]   node   0: [mem 0x0000000000100000-0x00000000dffeffff]
[    0.000000]   node   0: [mem 0x0000000100000000-0x000000011fffffff]
[    0.000000] Initmem setup node 0 [mem 0x0000000000001000-0x000000011fffffff]
[    0.000000] ACPI: PM-Timer IO Port: 0x4008
[    0.000000] IOAPIC[0]: apic_id 2, version 32, address 0xfec00000, GSI 0-23
[    0.000000] ACPI: INT_SRC_OVR (bus 0 bus_irq 0 global_irq 2 dfl dfl)
[    0.000000] ACPI: INT_SRC_OVR (bus 0 bus_irq 9 global_irq 9 low level)
[    0.000000] Using ACPI (MADT) for SMP configuration information
[    0.000000] smpboot: Allowing 2 CPUs, 0 hotplug CPUs
[    0.000000] PM: Registered nosave memory: [mem 0x00000000-0x00000fff]
[    0.000000] PM: Registered nosave memory: [mem 0x0009f000-0x0009ffff]
[    0.000000] PM: Registered nosave memory: [mem 0x000a0000-0x000effff]
[    0.000000] PM: Registered nosave memory: [mem 0x000f0000-0x000fffff]
[    0.000000] PM: Registered nosave memory: [mem 0xdfff0000-0xdfffffff]
[    0.000000] PM: Registered nosave memory: [mem 0xe0000000-0xfebfffff]
[    0.000000] PM: Registered nosave memory: [mem 0xfec00000-0xfec00fff]
[    0.000000] PM: Registered nosave memory: [mem 0xfec01000-0xfedfffff]
[    0.000000] PM: Registered nosave memory: [mem 0xfee00000-0xfee00fff]
[    0.000000] PM: Registered nosave memory: [mem 0xfee01000-xfffbffff]
[    0.000000] PM: Registered nosave memory: [mem 0xfffc0000-0xffffffff]
[    0.000000] e820: [mem 0xe0000000-0xfebfffff] available for PCI devices[   0.000000] Booting paravirtualized kernel on KVM
[    0.000000] clocksource: refined-jiffies: mask: 0xffffffff max_cycles: 0xffffffff, max_idle_ns: 7645519600211568 ns
[    0.000000] setup_percpu: NR_CPUS:512 nr_cpumask_bits:512 nr_cpu_ids:2 nr_node_ids:1
[    0.000000] PERCPU: Embedded 34 pages/cpu @ffff88011fc00000 s99544 r8192 d31528 u1048576
[    0.000000] PV qspinlock hash table entries: 256 (order: 0, 4096 bytes)
[    0.000000] Built 1 zonelists in Node order, mobility grouping on.  Total pages: 1032056
[    0.000000] Policy zone: Normal
[    0.000000] Kernel command line: BOOT_IMAGE=/boot/vmlinuz-4.4.0-131-generic root=LABEL=cloudimg-rootfs ro console=tty1 console=ttyS0
[    0.000000] PID hash table entries: 4096 (order: 3, 32768 bytes)
[    0.000000] Memory: 4028236K/4193848K available (8546K kernel code, 1313K rwdata, 4000K rodata, 1516K init, 1316K bss, 165612K reserved, 0K cma-reserved)
[    0.000000] SLUB: HWalign=64, Order=0-3, MinObjects=0, CPUs=2, Nodes=1
[    0.000000] Kernel/User page tables isolation: enabled
[    0.000000] Hierarchical RCU implementation.
[    0.000000] 	Build-time adjustment of leaf fanout to 64.
[    0.000000] 	RCU restricting CPUs from NR_CPUS=512 to nr_cpu_ids=2.
[    0.000000] RCU: Adjusting geometry for rcu_fanout_leaf=64, nr_cpu_ids=2
[    0.000000] NR_IRQS:33024 nr_irqs:440 16
[    0.000000] Console: colour VGA+ 80x25
[    0.000000] console [tty1] enabled
[   00000] console [ttyS0] enabled
[    0.000000] tsc: Detected 2799.998 MHz processor
[    6.652257] Calibrating delay loop (skipped) preset value.. 5599.99 BogoMIPS (lpj=11199992)
[    6.660316] pid_max: default: 32768 minimum: 301
[    6.663993] ACPI: Core revision 20150930
[    6.670980] ACPI: 2 ACPI AML tables successfully acquired and loaded
[    6.675912] Security Framework initialized
[    6.692330] Yama: becoming mindful.
[    6.693079] AppArmor: AppArmor initialized
[    6.694834] Dentry cache hash table entries: 524288 (order: 10, 4194304 bytes)
[    6.703924] Inode-cache hash table entries: 262144 (order: 9, 2097152 bytes)
[    6.709229] Mount-cache hash table entries: 8192 (order: 4, 65536 bytes)
[    6.710306] Mountpoint-cache hash table entries: 8192 (order: 4, 65536 bytes)
[    6.712421] Initializing cgroup subsys io
[    6.713218] Initializing cgroup subsys memory
[    6.716431] Initializing cgroup subsys devices
[    6.720293] Initializing cgroup subsys freezer
[    6.721069] Initializing cgroup subsys net_cls
[    6.721851] Initializing cgroup subsys perf_event
[    6.730109] Initializing cgroup subsys net_prio
[    6.736650] Initializing cgroup subsys hugetlb
[    6.739467] Initializing cgroup subsys pids
[    6.740286] CPU: Physical Processor ID: 0
[    6.741021] CPU: Processor Core ID: 0
[    6.742447] mce: CPU supports 0 MCE banks
[    6.744330] Last level iTLB entries: 4KB 512, 2MB 8, 4MB 8
[    6.750513] Last level dTLB entries: 4KB 512, 2MB 0, 4MB 0, 1GB 4
[    6.751539] Spectre V2 : Mitigation: Full generic retpoline
[    6.752408] Spectre V2 : Speculation control IBPB not-supported IBRS not-supported
[    6.759767] Speculative Store Bypass: Vulnerable
[    6.782443] Freeing SMP alternatives memory: 32K
[    6.792793] ftrace: allocating 32245 entries in 126 pages
[    6.855424] smpboot: APIC(0) Converting physical 0 to logical package 0
[    6.861900] smpboot: Max logical packages: 1
[    6.862979] x2apic enabled
[    6.863803] Switched APIC routing to physical x2apic.
[    6.871485] ..TIMER: vector=0x30 apic1=0 pin1=2 apic2=-1 pin2=-1
[    6.983468] smpboot: CPU0: Intel(R) Xeon(R) CPU E5-2680 v2 @ 2.80GHz (family: 0x6, model: 0x3e, stepping: 0x4)
[    7.000788] Performance Events: unsupported p6 CPU model 62 no PMU driver, software events only.
[    7.005164] KVM setup paravirtual spinlock
[    7.006660] x86: Booting SMP configuration:
[    7.008511] .... node  #0, CPUs:      #1
[    7.011801] kvm-clock: cpu 1, msr 1:1ffef041, secondary cpu clock
[    7.146206] mce: CPU supports 0 MCE banks
[    7.148685] x86: Booted up 1 node, 2 CPUs
[    7.149664] smpboot: Total of 2 processors activated (11199.99 BogoMIPS)
[    7.152547] devtmpfs: initialized
[    7.156217] evm: security.selinux
[    7.163786] evm: security.SMACK64
[    7.164470] evm: security.SMACK64EXEC
[    7.165175] evm: security.SMACK64TRANSMUTE
[    7.168107] evm: security.SMACK64MMAP
[    7.168745] evm: security.ima
[    7.169380] evm: security.capability
[    7.170278] clocksource: jiffies: mask: 0xffffffff max_cycles: 0xffffffff, max_idle_ns: 7645041785100000 ns
[    7.172017] futex hash table entries: 512 (order: 3, 32768 bytes)
[    7.174313] pinctrl core: initialized pinctrl subsystem
[    7.176514] RTC time: 15:26:23, date: 07/29/18
[    7.177528] NET: Registered protocol family 16
[    7.187995] cpuidle: using governor ladder
[    7.203522] cpuidle: using governor menu
[    7.218067] PCCT header not found.
[    7.220032] ACPI: bus type PCI registered
[    7.220814] acpiphp: ACPI Hot Plug PCI Controller Driver version: 0.5
[    7.221996] PCI: Using configuration type 1 for base access
[    7.236300] ACPI: Added _OSI(Module Device)
[    7.360386] ACPI: Added _OSI(Processor Device)
[    7.493525] ACPI: Added _OSI(3.0 _SCP Extensions)
[    7.630540] ACPI: Added _OSI(Processor Aggregator Device)
[    7.786775] ACPI: Executed 1 blocks of module-level executable AML code
[    7.847663] ACPI: Interpreter enabled
[    7.848375] ACPI: (supports S0 S5)
[    7.849039] ACPI: Using IOAPIC for interrupt routing
[    7.850102] PCI: Using host bridge windows from ACPI; if necessary, use "pci=nocrs" and report a bug
[    7.856359] ACPI: PCI Root Bridge [PCI0] (domain 0000 [bus 00-ff])
[    7.857407] acpi PNP0A03:00: _OSC: OS supports [ASPM ClockPM Segments MSI]
[    7.860510] acpi PNP0A03:00: _OSC: not requesting OS control; OS requires [ExtendedConfig ASPM ClockPM MSI]
[    7.868504] acpi PNP0A03:00: fail to add MMCONFIG information, can't access extended PCI configuration space under this bridge.
[    7.880729] PCI host bridge to bus 0000:00
[    7.987330] pci_bus 0000:00: root bus resource [io  0x0000-0x0cf7 window]
[    8.066854] pci_bus 0000:00: root bus resource [io  0x0d00-0xffff window]
[    8.067907] pci_bus 0000:00: root bus resource [mem 0x000a0000-0x000bffff window]
[    8.070293] pci_bus 0000:00: root bus resource [mem 0xe0000000-0xfdffffff window]
[    8.073946] pci_bus 0000:00: root bus resource [bus 00-ff]
[    8.077740] pci 0000:00:01.1: legacy IDE quirk: reg 0x10: [io  0x01f0-0x01f7]
[    8.083197] pci 0000:00:01.1: legacy IDE quirk: reg 0x14: [io  0x03f6]
[    8.110601] pci 0000:00:01.1: legacy IDE quirk: reg 0x18: [io  0x0170-0x0177]
[    8.121427] pci 0000:00:01.1: legacy IDE quirk: reg 0x1c: [io  0x0376]
[    8.158128] pci 0000:00:07.0: quirk: [io  0x4000-0x403f] claimed by PIIX4 ACPI
[    8.184528] pci 0000:00:07.0: quirk: [io  0x4100-0x410f] claimed by PIIX4 SMB
[    8.218120] ACPI: PCI Interrupt Link [LNKA] (IRQs 5 9 10 *11)
[    8.226467] ACPI: PCI Interrupt Link [LNKB] (IRQs 5 9 *10 11)
[    8.240895] ACPI: PCI Interrupt Link [LNKC] (IRQs 5 *9 10 11)
[    8.245121] ACPI: PCI Interrupt Link [LNKD] (IRQs 5 9 10 *11)
[    8.246658] ACPI: Enabled 2 GPEs in block 00 to 07
[    8.252866] vgaarb: setting as boot device: PCI:0000:00:02.0
[    8.348445] vgaarb: device added: PCI:0000:00:02.0,decodes=io+mem,owns=io+mem,locks=none
[    8.429741] vgaarb: loaded
[    8.430371] vgaarb: bridge control possible 0000:00:02.0
[    8.431600] SCSI subsystem initialized
[    8.432526] ACPI: bus type USB registered
[    8.433348] usbcore: registered new interface driver usbfs
[    8.550844] usbcore: registered new interface driver hub
[    8.705289] usbcore: registered new device driver usb
[    8.850939] PCI: Using ACPI for IRQ routing
[    8.961988] NetLabel: Initializing
[    9.064737] NetLabel:  domain hash size = 128
[    9.191969] NetLabel:  protocols = UNLABELED CIPSOv4
[    9.264388] NetLabel:  unlabeled traffic allowed by default
[    9.266649] amd_nb: Cannot enumerate AMD northbridges
[    9.268758] clocksource: Switched to clocksource kvm-clock
[    9.278285] AppArmor: AppArmor Filesystem Enabled
[    9.280692] pnp: PnP ACPI init
[   .22155] pnp: PnP ACPI: found 3 devices
[   .3556]losoceaci_pm: mask: 0xffffff max_cycles: 0xffffff, max_idle_ns: 2085701024 ns
[   .708] T:egted otolamy 

[   10.235161] TCP established hash table entries: 32768 (order: 6, 262144 bytes)
[   10.236510] TCP bind hash table entries: 32768 (order: 7, 524288 bytes)
[  12486] TCP: Hash tables configured (established 32768 bind 32768)
[   10.511822] UDP hash table entries: 2048 (order: 4, 65536 bytes)
[   10.512818] UDP-Lite hash table entries: 2048 (order: 4, 65536 bytes)
[   10.513953] NET: Registered protocol family 1
[   10.514752] pci 0000:00:00.0: Limiting direct PCI/PCI transfers
[   10.515738] pci 0000:00:01.0: Activating ISA DMA hang workarounds
[   10.516901] Unpacking initramfs...
[   10.717335] Freeing initrd memory: 14792K
[   10.931195] PCI-DMA: Using software bounce buffering for IO (SWIOTLB)
[   10.933066] software IO TLB [mem 0xdbff0000-0xdfff0000] (64MB) mapped at [ffff8800dbff0000-ffff8800dffeffff]
[   10.936247] RAPL PMU detected, API unit is 2^-32 Joules, 3 fixed counters 10737418240 ms ovfl timer
[   11.531376] hw unit of domain pp0-core 2^-0 Joules
[   11.551623] hw unit of domain package 2^-0 Joules
[   11.555244] hw unit of domain dram 2^-0 Joules
[   11.557922] platform rtc_cmos: registered platform RTC device (no PNP device found)
  1.10] anngorowemy rrti ery 60 seconds
[   12.422597] audit: initializing netlink subsys (disabled)
[   12.572359] tsc: Refined TSC clocksource calibration: 2801.337 MHz
[   12.600869] clocksource: tsc: mask: 0xffffffffffffffff max_cycles: 0x28612fc52ef, max_idle_ns: 440795251297 ns
[   12.612852] audit: type=2000 audit(1532877986.271:1): initialized
[   12.613175] Initialise system trusted keyring
[   12.632904] HugeTLB registered 2 MB page size, pre-allocated 0 pages
[   12.634268] zbud: loaded
[   12.634553] VFS: Disk quotas dquot_6.6.0
[   12.634580] VFS: Dquot-cache hash table entries: 512 (order 0, 4096 bytes)
[   12.634813] squashfs: version 4.0 (2009/01/31) Phillip Lougher
[   12.635036] fuse init (API version 7.23)
[   12.635151] Key type big_key registered
[   12.635170] Allocating IMA MOK and blacklist keyrings.
[   12.635478] Key type asymmetric registered
[   12.635481] Asymmetric key parser 'x509' registered
[   12.635512] Block layer SCSI generic (bsg) driver version 0.4 loaded (major 249)
[   12.635538] io scheduler noop registered
[   12.635539] io scheduler deadline registered (default)
[   12.635586] io scheduler cfq registered
[   12.635671] pci_hotplug: PCI Hot Plug PCI Core version: 0.5
[   12.635676] pciehp: PCI Express Hot Plug Controller Driver version: 0.4
[   12.635837] ACPI: AC Adapter [AC] (on-line)
[   12.635897] input: Power Button as /devices/LNXSYSTM:00/LNXPWRBN:00/input/input0
[   12.635900] ACPI: Power Button [PWRF]
[   12.635988] input: Sleep Button as /devices/LNXSYSTM:00/LNXSLPBN:00/input/input1
[   12.635990] ACPI: Sleep Button [SLPF]
[   12.636182] GHES: HEST is not enabled!
[   12.636311] Serial: 8250/16550 driver, 32 ports, IRQ sharing enabled
[   12.802404] 00:02: ttyS0 at I/O 0x3f8 (irq = 4, base_baud = 115200) is a 16550A
[   12.872039] Linux agpgart interface v0.103
[   13.202342] loop: module loaded
[   13.203101] scsi host0: ata_piix
[   13.203189] scsi host1: ata_piix
[   13.203221] ata1: PATA max UDMA/33 cmd 0x1f0 ctl 0x3f6 bmdma 0xd000 irq 14
[   13.203222] ata2: PATA max UDMA/33 cmd 0x170 ctl 0x376 bmdma 0xd008 irq 15
[   13.203304] libphy: Fixed MDIO Bus: probed
[   13.203306] tun: Universal TUN/TAP device driver, 1.6
[   13.203306] tun: (C) 1999-2004 Max Krasnyansky <maxk@qualcomm.com>
[   13.203605] PPP generic driver version 2.4.2
[   13.203685] ehci_hcd: USB 2.0 'Enhanced' Host Controller (EHCI) Driver
[   13.203691] ehci-pci: EHCI PCI platform driver
[   13.203727] ehci-platform: EHCI generic platform driver
[   13.203736] ohci_hcd: USB 1.1 'Open' Host Controller (OHCI) Driver
[   13.203740] ohci-pci: OHCI PCI platform driver
[   13.203750] ohci-platform: OHCI generic platform driver
[   13.203757] uhci_hcd: USB Universal Host Controller Interface driver
[   13.203854] i8042: PNP: PS/2 Controller [PNP0303:PS2K,PNP0f03:PS2M] at 0x60,0x64 irq 1,12
[   13.317069] serio: i8042 KBD port at 0x60,0x64 irq 1
[   13.317075] serio: i8042 AUX port at 0x60,0x64 irq 12
[   13.317212] mousedev: PS/2 mouse device common for all mice
[   13.317597] rtc_cmos rtc_cmos: rtc core: registered rtc_cmos as rtc0
[   13.317673] rtc_cmos rtc_cmos: alarms up to one day, 114 bytes nvram
[   13.317692] i2c /dev entries driver
[   13.317756] device-mapper: uevent: version 1.0.3
[   13.317812] device-mapper: ioctl: 4.34.0-ioctl (2015-10-28) initialised: dm-devel@redhat.com
[   13.317830] ledtrig-cpu: registered to indicate activity on CPUs
[   13.318467] NET: Registered protocol family 10
[   13.318681] NET: Registered protocol family 17
[   13.318695] Key type dns_resolver registered
[   13.319004] registered taskstats version 1
[   13.319024] Loading compiled-in X.509 certificates
[   13.319687] Loaded X.509 cert 'Build time autogenerated kernel key: 8f274abdf49cd12572c1533a34d1eafea768213f'
[   13.319709] zswap: loaded using pool lzo/zbud
[   13.321743] Key type trusted registered
[   13.324545] Key type encrypted registered
[   13.324551] AppArmor: AppArmor sha1 policy hashing enabled
[   13.324555] ima: No TPM chip found, activating TPM-bypass!
[   13.324560] ima: Allocated hash algorithm: sha1
[   13.324584] evm: HMAC attrs: 0x1
[   13.324980]   Magic number: 10:152:438
[   14.001039] rtc_cmos rtc_cmos: setting system clock to 2018-07-29 15:26:29 UTC (1532877989)
[   14.001353] BIOS EDD facility v0.16 2004-Jun-25, 0 devices found
[   14.001354] EDD information not available.
[   14.826141] input: AT Translated Set 2 keyboard as /devices/platform/i8042/serio0/input/input2
[   15.399266] Freeing unused kernel memory: 1516K
[   15.412792] Write protecting the kernel read-only data: 14336k
[   15.432023] Freeing unused kernel memory: 1680K
[   15.433103] Freeing unused kernel memory: 96K
Loading, please wait...
starting version[   15.448362] random: systemd-udevd: uninitialized urandom read (16 bytes read, 4 bits of entropy available)
 229
[   15.449165] random: udevadm: uninitialized urandom read (16 bytes read, 4 bits of entropy available)
[   15.449201] random: udevadm: uninitialized urandom read (16 bytes read, 4 bits of entropy available)
[   15.458410] random: systemd-udevd: uninitialized urandom read (16 bytes read, 4 bits of entropy available)
[   15.460232] random: udevadm: uninitialized urandom read (16 bytes read, 4 bits of entropy available)
[   15.460280] random: udevadm: uninitialized urandom read (16 bytes read, 4 bits of entropy available)
[   15.460445] random: udevadm: uninitialized urandom read (16 bytes read, 4 bits of entropy available)
[   15.460509] random: udevadm: uninitialized urandom read (16 bytes read, 4 bits of entropy available)
[   15.460597] random: udevadm: uninitialized urandom read (16 bytes read, 4 bits of entropy available)
[   15.460671] random: udevadm: uninitialized urandom read (16 bytes read, 4 bits of entropy available)
[   16.002681] Fusion MPT base driver 3.04.20
[   16.005411] Copyright (c) 1999-2008 LSI Corporation
[   16.015176] e1000: Intel(R) PRO/1000 Network Driver - version 7.3.21-k8-NAPI
[   16.018055] e1000: Copyright (c) 1999-2006 Intel Corporation.
[   16.039045] AVX version of gcm_enc/dec engaged.
[   16.050893] AES CTR mode by8 optimization enabled
[   16.312210] Fusion MPT SPI Host driver 3.04.20
[   16.312746] input: ImExPS/2 Generic Explorer Mouse as /devices/platform/i8042/serio1/input/input4
[   16.896877] e1000 0000:00:03.0 eth0: (PCI:33MHz:32-bit) 02:0d:8d:01:94:c2
[   17.091474] e1000 0000:00:03.0 eth0: Intel(R) PRO/1000 Network Connection
[   17.812498] mptbase: ioc0: Initiating bringup
[   18.208982] ioc0: LSI53C1030 A0: Capabilities={Initiator}
[   18.382592] scsi host2: ioc0: LSI53C1030 A0, FwRev=00000000h, Ports=1, MaxQ=256, IRQ=20
[   19.309442] scsi 2:0:0:0: Direct-Access     VBOX     HARDDISK         1.0  PQ: 0 ANSI: 5
[   20.155670] scsi target2:0:0: Beginning Domain Validation
[   20.274072] scsi target2:0:0: Domain Validation skipping write tests
[   20.275344] scsi target2:0:0: Ending Domain Validation
[   20.276579] scsi target2:0:0: asynchronous
[   20.283285] scsi 2:0:1:0: Direct-Access     VBOX     HARDDISK         1.0  PQ: 0 ANSI: 5
[   20.286260] scsi target2:0:1: Beginning Domain Validation
[   20.288914] scsi target2:0:1: Domain Validation skipping write tests
[   20.290183] scsi target2:0:1: Ending Domain Validation
[   20.291397] scsi target2:0:1: asynchronous
[   20.354198] sd 2:0:0:0: Attached scsi generic sg0 type 0
[   20.514550] sd 2:0:0:0: [sda] 20971520 512-byte logical blocks: (10.7 GB/10.0 GiB)
[   20.614465] e1000 0000:00:08.0 eth1: (PCI:33MHz:32-bit) 08:00:27:af:48:9c
[   20.614471] e1000 0000:00:08.0 eth1: Intel(R) PRO/1000 Network Connection
[   20.941161] sd 2:0:1:0: Attached scsi generic sg1 type 0
[   20.941293] sd 2:0:1:0: [sdb] 20480 512-byte logical blocks: (10.5 MB/10.0 MiB)
[   20.941464] sd 2:0:1:0: [sdb] Write Protect is off
[   20.941560] sd 2:0:1:0: [sdb] Incomplete mode parameter data
[   20.941561] sd 2:0:1:0: [sdb] Assuming drive cache: write through
[   20.967764] sd 2:0:1:0: [sdb] Attached SCSI disk
[   20.994575] e1000 0000:00:09.0 eth2: (PCI:33MHz:32-bit) 08:00:27:40:f2:01
[   20.994577] e1000 0000:00:09.0 eth2: Intel(R) PRO/1000 Network Connection
[   21.338535] e1000 0000:00:08.0 enp0s8: renamed from eth1
[   25.863029] sd 2:0:0:0: [sda] Write Protect is off
[   25.996084] sd 2:0:0:0: [sda] Incomplete mode parameter data
[   26.182339] sd 2:0:0:0: [sda] Assuming drive cache: write through
[   26.297799] e1000 0000:00:09.0 enp0s9: renamed from eth2
[   26.340064]  sda: sda1
[   26.603019] e1000 0000:00:03.0 enp0s3: renamed from eth0
[   26.764036] sd 2:0:0:0: [sda] Attached SCSI disk
Begin: Loading e[   28.492267] md: linear personality registered for level -1
ssential drivers[   28.674848] md: multipath personality registered for level -4
 ... [   29.396370] md: raid0 personality registered for level 0
[   29.564675] md: raid1 personality registered for level 1
[   30.152833] raid6: sse2x1   gen()  8221 MB/s
[   30.340791] raid6: sse2x1   xor()  7176 MB/s
[   30.532792] raid6: sse2x2   gen() 10383 MB/s
[   30.724845] raid6: sse2x2   xor()  7525 MB/s
[   30.916786] raid6: sse2x4   gen() 11935 MB/s
[   31.108786] raid6: sse2x4   xor()  8985 MB/s
[   31.173179] raid6: using algorithm sse2x4 gen() 11935 MB/s
[   31.205208] raid6: .... xor() 8985 MB/s, rmw enabled
[   31.249257] raid6: using ssse3x2 recovery algorithm
[   31.298882] xor: automatically using best checksumming function:
[   31.884765]    avx       : 47590.000 MB/sec
[   32.325330] async_tx: api initialized (async)
[   32.447680] md: raid6 personality registered for level 6
[   32.553205] md: raid5 personality registered for level 5
[   32.696904] md: raid4 personality registered for level 4
[   32.860707] md: raid10 personality registered for level 10
done.
Begin: Running[   33.452618] Btrfs loaded
 /scripts/init-premount ... done.
Begin: Mounting root file system ... Begin: Running /scripts/local-top ... done.
Begin: Running /scripts/local-premount ... Scanning for Btr[   33.860328] EXT4-fs (sda1): mounted filesystem with ordered data mode. Opts: (null)
fs filesystems
done.
Warning: fsck not present, so skipping root file system
done.
Begin: Running /scripts/local-bottom ... done.
Begin: Running /scripts/init-bottom ... done.
[   34.408967] systemd[1]: systemd 229 running in system mode. (+PAM +AUDIT +SELINUX +IMA +APPARMOR +SMACK +SYSVINIT +UTMP +LIBCRYPTSETUP +GCRYPT +GNUTLS +ACL +XZ -LZ4 +SECCOMP +BLKID +ELFUTILS +KMOD -IDN)
[   34.856539] systemd[1]: Detected virtualization oracle.
[   35.025220] systemd[1]: Detected architecture x86-64.

Welcome to [1mUbuntu 16.04.5 LTS[0m!

[ 35277732] systemd[1]: Set hostname to <ceph-3>.
[   35.597374] random: nonblocking pool is initialized
[  36.326724] systemd[1]: Listening on Journal Socket (/dev/log).
[[0;32m  OK  [0m] Listening on Journal Socket (/dev/log).
[   36.849561] systemd[1]: Created slice System Slice.
[[0;32m  OK  [0m] Created slice System Slice.
[ 37534systemd[1]: Reached target Encrypted Volumes.
[[0;32m  OK  [0m] Reached target Encrypted Volumes.
[ 37.439738] systemd[1]: Listening on Device-mapper event daemon FIFOs.
[[0;32m  OK  [0m] Listening on Device-mapper event daemon FIFOs.
[   37.864552]systemd[1]: Lstni oSyogoct.
[[0;32m  OK  [0m] Listening on Syslog Socket.
[   38.232932] systemd[1]: Reached target User and Group Name Lookups.
[[0;32m  OK  [0m] Reached target User and Group Name Lookups.
[   38.493829] systemd[1]: Created slice User and Session Slice.
[[0;32m  OK  [0m] Created slice User and Session Slice.
[   38.853221] systemd[1]: Reached target Slices.
[[0;32m  OK  [0m] Reached target Slices.
[   39.374580] systemd[1]: Listening on udev Control Socket.
[[0;32m  OK  [0m] Listening on udev Control Socket.
[   39.537443] systemd[1]: Listening on LVM2 metadata daemon socket.
[[0;32m  OK  [0m] Listening on LVM2 metadata daemon socket.
[   39.854056] systemd[1]: Started Forward Password Requests to Wall Directory Watch.
[[0;32m  OK  [0m] Started Forward Password Requests to Wall Directory Watch.
[   40.327927] systemd[1]: Listening on LVM2 poll daemon socket.
[[0;32m  OK  [0m] Listening on LVM2 poll daemon socket.
[   40.617319] systemd[1]: Listening on Journal Audit Socket.
[[0;32m  OK  [0m] Listening on Journal Audit Socket.
[   40.619496] systemd[1]: Reached target System Time Synchronized.
[[0;32m  OK  [0m] Reached target System Time Synchronized.
[   40.621678] systemd[1]: Listening on /dev/initctl Compatibility Namd ip
[[0;32m  OK  [0m] Listening on /dev/initctl Compatibility Named Pipe.
[   40.857165] systemd[1]: Started Trigger resolvconf update for networkd DNS.
[[0;32m  OK  [0m] Started Trigger resolvconf update for networkd DNS.
[   40.865033] systemd[1]: Listening on Journal Socket.
[[0;32m  OK  [0m] Listening on Journal Socket.
[   40.989063] systemd[1]: Starting Journal Service...
         Starting Journal Service...
[   41.153576] systemd[1]: Starting Monitoring of LVM2 mirrors, snapshots etc. using dmeventd or progress polling...
         Starting Monitoring of LVM2 mirrors... dmeventd or progress polling...
[   41.164363] systemd[1]: Starting Remount Root and Kernel File Systems...
         Starting Remount Root and Kernel File Systems...
[   41.176407] systemd[1]: Starting Nameserver information manager...
         Starting Nameserver information manager...
[   41.183493] systemd[1]: Mounting POSIX Message Queue File System...
         Mounting POSIX Message Queue File System...
[   41.209035] systemd[1]: Starting Uncomplicated firewall...
         Starting Uncomplicated firewall...
[   41.212295] systemd[1]: Set up automount Arbitrary Executable File Formats File System Automount Point.
[[0;32m  OK  [0m] Set up automount Arbitrary Executab...ats File System Automount Point.
[   41.226921] systemd[1]: Created slice system-serial\x2dgetty.slice.
[[0;32m  OK  [0m] Created slice system-serial\x2dgetty.slice.
[   41.237511] systemd[1]: Reached target Swap.
[[0;32m  OK  [0m] Reached target Swap.
[   41.253058] systemd[1]: Starting Set console keymap...
         Starting Set console keymap...
[   41.424837] EXT4-fs (sda1): re-mounted. Opts: (null)
[   41.912925] systemd[1]: Mounting Huge Pages File System...
         Mounting Huge Pages File System...
[   42.117008] systemd[1]: Starting Load Kernel Modules...
         Starting Load Kernel Modules...
[   42.135435] systemd[1]: Listening on udev Kernel Socket.
[[0;32m  OK  [0m] Listening on udev Kernel Socket.
[   42.158338] systemd[1]: Mounting Debug File System...
[   42.268214] Loading iSCSI transport class v2.0-870.
         Mounting Debug File System...
[   42.279826] systemd[1]: Starting Create list of required static device nodes for the current kernel...
         Starting Create list of required st... nodes for the current kernel...
[   42.911812] systemd[1]: Mounted Huge Pages File System.
[[0;32m  OK  [0m] Mounted Huge Pages File System.
[   42.919789] systemd[1]: Mounted Debug File System.
[[0;32m  OK  [0m] Mounted Debug File System.
[   42.925308] systemd[1]: Mounted POSIX Message Queue File System.
[   42.929273] iscsi: registered transport (tcp)
[[0;32m  OK  [0m] Mounted POSIX Message Queue File System.
[   42.937910] systemd[1]: Started Journal Service.
[[0;32m  OK  [0m] Started Journal Service.
[[0;32m  OK  [0m] Started Remount Root and Kernel File Systems.
[[0;32m  OK  [0m] Started Uncomplicated firewall.
[[0;32m  OK  [0m] Started Set console keymap.
[[0;32m  OK  [0m] Started Create list of required sta...ce nodes for the current kernel.
[[0;32m  OK  [0m] Started Nameserver information manager.
[[0;32m  OK  [0m] Started LVM2 metadata daemon.
         Starting Create Static Device Nodes in /dev...
         Starting udev Coldplug all Devic[   43.051824] iscsi: registered transport (iser)
es...
         Starting Load/Save Random Seed...
         Starting Flush Journal to Persistent Storage...
[[0;32m  OK  [0m] Started Monitoring of LVM2 mirrors,...ng dmeventd or progress polling.
[[0;32m  OK  [0m] Started Load Kernel Modules.
[[0;32m  OK  [0m] Started Create Static Device Nodes in /dev.
[[0;32m  OK  [0m] Started Load/Save Random Seed.
[[0;32m  OK  [0m] Started udev Coldplug all Devices.
[   43.331860] systemd-journald[367]: Received request to flush runtime journal from PID 1
         Starting udev Kernel Device Manager...
         Mounting FUSE Control File System...
         Starting Apply Kernel Variables...
[[0;32m  OK  [0m] Mounted FUSE Control File System.
[[0;32m  OK  [0m] Started Flush Journal to Persistent Storage.
[[0;32m  OK  [0m] Started Apply Kernel Variables.
[[0;32m  OK  [0m] Started udev Kernel Device Manager.
[[0;32m  OK  [0m] Reached target Local File Systems (Pre).
[[0;32m  OK  [0m] Reached target Local File Systems.
         Starting Initial cloud-init job (pre-networking)...
         Starting Create Volatile Files and Directories...
         Starting Tell Plymouth To Write Out Runtime Data...
         Starting Set console font and keymap...
         Starting LSB: AppArmor initialization...
[[0;32m  OK  [0m] Started Dispatch Password Requests to Console Directory Watch.
[[0;32m  OK  [0m] Started Tell Plymouth To Write Out Runtime Data.
[[0;32m  OK  [0m] Started Create Volatile Files and Directories.
[[0;32m  OK  [0m] Found device /dev/ttyS0.
         Starting Update UTMP about System Boot/Shutdown...
[[0;32m  OK  [0m] Listening on Load/Save RF Kill Switch Status /dev/rfkill Watch.
[[0;32m  OK  [0m] Started Update UTMP about System Boot/Shutdown.
[[0;32m  OK  [0m] Found device 82540EM Gigabit Ethern...r (PRO/1000 MT Desktop Adapter).
[[0;32m  OK  [0m] Started LSB: AppArmor initialization.
[[0;32m  OK  [0m] Found device 82540EM Gigabit Ethern...r (PRO/1000 MT Desktop Adapter).
[[0;32m  OK  [0m] Found device 82540EM Gigabit Ethern...r (PRO/1000 MT Desktop Adapter).
[[0;32m  OK  [0m] Started Set console font and keymap.
[[0;32m  OK  [0m] Created slice system-getty.slice.
[   37.523155] cloud-init[477]: Cloud-init v. 18.2 running 'init-local' at Sun, 29 Jul 2018 15:27:01 +0000. Up 37.12 seconds.
[[0;32m  OK  [0m] Started Initial cloud-init job (pre-networking).
[[0;32m  OK  [0m] Reached target Network (Pre).
[[0;32m  OK  [0m] Started ifup for enp0s8.
[[0;32m  OK  [0m] Started ifup for enp0s9.
         Starting Raise network interfaces...
[[0;32m  OK  [0m] Started ifup for enp0s3.
[[0;32m  OK  [0m] Started Raise network interfaces.
[[0;32m  OK  [0m] Reached target Network.
         Starting Initial cloud-init job (metadata service crawler)...
[   38.832451] cloud-init[1201]: Cloud-init v. 18.2 running 'init' at Sun, 29 Jul 2018 15:27:03 +0000. Up 38.23 seconds.
[   38.856672] cloud-init[1201]: ci-info: ++++++++++++++++++++++++++++++++++++++Net device info++++++++++++++++++++++++++++++++++++++
[   38.859389] cloud-init[1201]: ci-info: +--------+------+-----------------------------+---------------+-------+-------------------+
[   38.868271] cloud-init[1201]: ci-info: | Device |  Up  |           Address           |      Mask     | Scope |     Hw-Address    |
[   38.884595] cloud-init[1201]: ci-info: +--------+------+-----------------------------+---------------+-------+-------------------+
[   38.894851] cloud-init[1201]: ci-info: | enp0s3 | True |          10.0.2.15          | 255.255.255.0 |   .   | 02:0d:8d:01:94:c2 |
[   38.898797] cloud-init[1201]: ci-info: | enp0s3 | True |  fe80::d:8dff:fe01:94c2/64  |       .       |  link | 02:0d:8d:01:94:c2 |
[[0;32m  OK  [0m] Started Initial cloud-init job (metadata service crawler).
[   38.908191] cloud-init[1201]: ci-info: | enp0s8 | True |        192.168.33.103       | 255.255.255.0 |   .   | 08:00:27:af:48:9c |
[   38.914777] cloud-init[1201]: ci-info: | enp0s8 | True | fe80::a00:27ff:feaf:489c/64 |       .       |  link | 08:00:27:af:48:9c |
[   38.918572] cloud-init[1201]: ci-info: | enp0s9 | True |         192.168.1.41        | 255.255.255.0 |   .   | 08:00:27:40:f2:01 |
[   38.923605] cloud-init[1201]: ci-info: | enp0s9 | True | fe80::a00:27ff:fe40:f201/64 |       .       |  link | 08:00:27:40:f2:01 |
[   38.930889] cloud-init[1201]: ci-info: |   lo   | True |          127.0.0.1          |   255.0.0.0   |   .   |         .         |
[   38.948252] cloud-init[1201]: ci-info: |   lo   | True |           ::1/128           |       .       |  host |         .         |
[   38.965947] cloud-init[1201]: ci-info: +--------+------+-----------------------------+---------------+-------+-------------------+
[   38.970955] cloud-init[1201]: ci-info: ++++++++++++++++++++++++++++Route IPv4 info++++++++++++++++++++++++++++
[[0;32m  OK  [0m] Reached target Network is Online.
[   38.976898] cloud-init[1201]: ci-info: +-------+--------------+----------+---------------+-----------+-------+
[   38.987546] cloud-init[1201]: ci-info: | Route | Destination  | Gateway  |    Genmask    | Interface | Flags |
[   38.994285] cloud-init[1201]: ci-info: +-------+--------------+----------+---------------+-----------+-------+
[   38.996918] cloud-init[1201]: ci-info: |   0   |   0.0.0.0    | 10.0.2.2 |    0.0.0.0    |   enp0s3  |   UG  |
[   39.000569] cloud-init[1201]: ci-info: |   1   |   10.0.2.0   | 0.0.0.0  | 255.255.255.0 |   enp0s3  |   U   |
         Starting iSCSI initiator daemon (iscsid)...
[[0;32m  OK  [0m] Reached target Cloud-config availability.
[[0;32m  OK  [0m] Reached target System Initialization.
[   39.008084] cloud-init[1201]: ci-info: |   2   | 192.168.1.0  | 0.0.0.0  | 255.255.255.0 |   enp0s9  |   U   |
         Starting LXD - unix socket.
[   39.036138] cloud-init[1201]: ci-info: |   3   | 192.168.33.0 | 0.0.0.0  | 255.255.255.0 |   enp0s8  |   U   |
[   39.043634] cloud-init[1201]: ci-info: +-------+--------------+----------+---------------+-----------+-------+
[[0;32m  OK  [0m] Started ACPI Events Check.
[[0;32m  OK  [0m] Reached target Paths.
         Starting Socket activation for snappy daemon.
[[0;32m  OK  [0m] Listening on ACPID Listen Socket.
[[0;32m  OK  [0m] Listening on UUID daemon activation socket.
[[0;32m  OK  [0m] Started Daily apt download activities.
[[0;32m  OK  [0m] Started Daily apt upgrade and clean activities.
[[0;32m  OK  [0m] Listening on D-Bus System Message Bus Socket.
[[0;32m  OK  [0m] Started Daily Cleanup of Temporary Directories.
[[0;32m  OK  [0m] Reached target Timers.
[[0;32m  OK  [0m] Listening on LXD - unix socket.
[[0;32m  OK  [0m] Listening on Socket activation for snappy daemon.
[[0;32m  OK  [0m] Reached target Sockets.
[[0;32m  OK  [0m] Reached target Basic System.
         Starting Accounts Service...
         Starting Apply the settings specified in cloud-config...
         Starting Virtualbox guest utils...
[[0;32m  OK  [0m] Started Deferred execution scheduler.
         Starting LSB: MD monitoring daemon...
         Starting System Logging Service...
         Starting Snappy daemon...
         Starting LXD - container startup/shutdown...
[[0;32m  OK  [0m] Started D-Bus System Message Bus.
[[0;32m  OK  [0m] Started FUSE filesystem for LXC.
[[0;32m  OK  [0m] Started ACPI event daemon.
         Starting LSB: Record successful boot for GRUB...
         Starting /etc/rc.local Compatibility...
[   39.696901] cloud-init[1259]: Cloud-init v. 18.2 running 'modules:config' at Sun, 29 Jul 2018 15:27:04 +0000. Up 39.41 seconds.
         Starting OpenBSD Secure Shell server...
[[0;32m  OK  [0m] Started Regular background program processing daemon.
[[0;32m  OK  [0m] Started Unattended Upgrades Shutdown.
         Starting Login Service...
[[0;32m  OK  [0m] Started System Logging Service.
[[0;32m  OK  [0m] Started iSCSI initiator daemon (iscsid).
[[0;32m  OK  [0m] Started Apply the settings specified in cloud-config.
[[0;32m  OK  [0m] Started /etc/rc.local Compatibility.
         Starting Authenticate and Authorize Users to Run Privileged Tasks...
         Starting Login to default iSCSI targets...
[[0;32m  OK  [0m] Started Login Service.
[[0;32m  OK  [0m] Started LSB: Record successful boot for GRUB.
[[0;32m  OK  [0m] Started LSB: MD monitoring daemon.
[[0;32m  OK  [0m] Started Authenticate and Authorize Users to Run Privileged Tasks.
[[0;32m  OK  [0m] Started Accounts Service.
[[0;32m  OK  [0m] Started Login to default iSCSI targets.
[[0;32m  OK  [0m] Reached target Remote File Systems (Pre).
[[0;32m  OK  [0m] Reached target Remote File Systems.
         Starting Permit User Sessions...
         Starting LSB: daemon to balance interrupts for SMP systems...
         Starting LSB: automatic crash report generation...
         Starting LSB: Set the CPU Frequency Scaling governor to "ondemand"...
[[0;32m  OK  [0m] Started OpenBSD Secure Shell server.
[[0;32m  OK  [0m] Started Virtualbox guest utils.
[[0;32m  OK  [0m] Started Permit User Sessions.
         Starting Hold until boot process finishes up...
         Starting Terminate Plymouth Boot Screen...
[[0;32m  OK  [0m] Started LSB: Set the CPU Frequency Scaling governor to "ondemand".
[[0;32m  OK  [0m] Started Hold until boot process finishes up.
[[0;32m  OK  [0m] Started Terminate Plymouth Boot Screen.
[[0;32m  OK  [0m] Started LSB: daemon to balance interrupts for SMP systems.
[[0;32m  OK  [0m] Started Serial Getty on ttyS0.
[[0;32m  OK  [0m] Started Getty on tty1.
[[0;32m  OK  [0m] Reached target Login Prompts.
         Starting Set console scheme...
[[0;32m  OK  [0m] Started LXD - container startup/shutdown.
[[0;32m  OK  [0m] Started LSB: automatic crash report generation.
[[0;32m  OK  [0m] Started Set console scheme.
[[0;32m  OK  [0m] Started Snappy daemon.
         Starting Wait until snapd is fully seeded...
[[0;32m  OK  [0m] Started Wait until snapd is fully seeded.
[[0;32m  OK  [0m] Reached target Multi-User System.
[[0;32m  OK  [0m] Reached target Graphical Interface.
         Starting Update UTMP about System Runlevel Changes...
         Starting Execute cloud user/final scripts...
[[0;32m  OK  [0m] Started Update UTMP about System Runlevel Changes.
[[0;32m  OK  [0m] Created slice User Slice of vagrant.
         Starting User Manager for UID 1000...
[[0;32m  OK  [0m] Started Session 1 of user vagrant.
[[0;32m  OK  [0m] Started User Manager for UID 1000.
[   40.702548] cloud-init[1443]: Cloud-init v. 18.2 running 'modules:final' at Sun, 29 Jul 2018 15:27:05 +0000. Up 40.48 seconds.
[   40.800416] cloud-init[1443]: Cloud-init v. 18.2 finished at Sun, 29 Jul 2018 15:27:05 +0000. Datasource DataSourceNoCloud [seed=/dev/sdb][dsmode=net].  Up 40.69 seconds
[[0;32m  OK  [0m] Started Execute cloud user/final scripts.
[[0;32m  OK  [0m] Reached target Cloud-init target.

Ubuntu 16.04.5 LTS ceph-3 ttyS0

ceph-3 login: 